<?xml version="1.0" encoding="UTF-8"?>
<testng-results ignored="0" total="3" passed="3" failed="0" skipped="0">
  <reporter-output>
  </reporter-output>
  <suite started-at="2021-02-28T15:34:37 EET" name="Surefire suite" finished-at="2021-02-28T15:35:45 EET" duration-ms="67972">
    <groups>
      <group name="cucumber">
        <method signature="AbstractTestNGCucumberTests.runScenario(io.cucumber.testng.PickleWrapper, io.cucumber.testng.FeatureWrapper)[pri:0, instance:Runner.TestRunner@2bbaf4f0]" name="runScenario" class="io.cucumber.testng.AbstractTestNGCucumberTests"/>
      </group> <!-- cucumber -->
    </groups>
    <test started-at="2021-02-28T15:34:37 EET" name="Surefire test" finished-at="2021-02-28T15:35:45 EET" duration-ms="67972">
      <class name="Runner.TestRunner">
        <test-method is-config="true" signature="setUpClass()[pri:0, instance:Runner.TestRunner@2bbaf4f0]" started-at="2021-02-28T15:34:37 EET" name="setUpClass" finished-at="2021-02-28T15:34:38 EET" duration-ms="364" status="PASS">
          <reporter-output>
          </reporter-output>
        </test-method> <!-- setUpClass -->
        <test-method signature="runScenario(io.cucumber.testng.PickleWrapper, io.cucumber.testng.FeatureWrapper)[pri:0, instance:Runner.TestRunner@2bbaf4f0]" started-at="2021-02-28T15:34:38 EET" name="runScenario" description="Runs Cucumber Scenarios" data-provider="scenarios" finished-at="2021-02-28T15:35:01 EET" duration-ms="23095" status="PASS">
          <params>
            <param index="0">
              <value>
                <![CDATA["Publish a tweet include plain text only"]]>
              </value>
            </param>
            <param index="1">
              <value>
                <![CDATA["Optional[Publishing Tweets]"]]>
              </value>
            </param>
          </params>
          <reporter-output>
          </reporter-output>
        </test-method> <!-- runScenario -->
        <test-method signature="runScenario(io.cucumber.testng.PickleWrapper, io.cucumber.testng.FeatureWrapper)[pri:0, instance:Runner.TestRunner@2bbaf4f0]" started-at="2021-02-28T15:35:01 EET" name="runScenario" description="Runs Cucumber Scenarios" data-provider="scenarios" finished-at="2021-02-28T15:35:24 EET" duration-ms="22994" status="PASS">
          <params>
            <param index="0">
              <value>
                <![CDATA["Replying to own published tweet"]]>
              </value>
            </param>
            <param index="1">
              <value>
                <![CDATA["Optional[Publishing Tweets]"]]>
              </value>
            </param>
          </params>
          <reporter-output>
          </reporter-output>
        </test-method> <!-- runScenario -->
        <test-method signature="runScenario(io.cucumber.testng.PickleWrapper, io.cucumber.testng.FeatureWrapper)[pri:0, instance:Runner.TestRunner@2bbaf4f0]" started-at="2021-02-28T15:35:24 EET" name="runScenario" description="Runs Cucumber Scenarios" data-provider="scenarios" finished-at="2021-02-28T15:35:45 EET" duration-ms="21406" status="PASS">
          <params>
            <param index="0">
              <value>
                <![CDATA["User can't send same Tweet twice"]]>
              </value>
            </param>
            <param index="1">
              <value>
                <![CDATA["Optional[Publishing Tweets]"]]>
              </value>
            </param>
          </params>
          <reporter-output>
          </reporter-output>
        </test-method> <!-- runScenario -->
        <test-method is-config="true" signature="tearDownClass()[pri:0, instance:Runner.TestRunner@2bbaf4f0]" started-at="2021-02-28T15:35:45 EET" name="tearDownClass" finished-at="2021-02-28T15:35:45 EET" duration-ms="82" status="PASS">
          <reporter-output>
          </reporter-output>
        </test-method> <!-- tearDownClass -->
      </class> <!-- Runner.TestRunner -->
    </test> <!-- Surefire test -->
  </suite> <!-- Surefire suite -->
</testng-results>
