<?xml version="1.0" encoding="UTF-8"?>
<testsuite xmlns:xsi="http://www.w3.org/2001/XMLSchema-instance" xsi:noNamespaceSchemaLocation="https://maven.apache.org/surefire/maven-surefire-plugin/xsd/surefire-test-report.xsd" name="Runner.TestRunner" time="68.738" tests="3" errors="0" skipped="0" failures="0">
  <properties>
[...]
</properties>
  <testcase name="runScenario" classname="Runner.TestRunner" time="23.095"/>
  <testcase name="runScenario" classname="Runner.TestRunner" time="22.989"/>
  <testcase name="runScenario" classname="Runner.TestRunner" time="21.406"/>
</testsuite>