<?xml version="1.0" encoding="UTF-8"?>
<testng-results skipped="0" failed="0" total="1" passed="1">
  <reporter-output>
  </reporter-output>
  <suite name="Suite" duration-ms="23492" started-at="2021-02-28T11:23:31Z" finished-at="2021-02-28T11:23:55Z">
    <groups>
      <group name="cucumber">
        <method signature="AbstractTestNGCucumberTests.runScenario(io.cucumber.testng.PickleWrapper, io.cucumber.testng.FeatureWrapper)[pri:0, instance:Runner.TestRunner@3ac3fd8b]" name="runScenario" class="io.cucumber.testng.AbstractTestNGCucumberTests"/>
      </group> <!-- cucumber -->
    </groups>
    <test name="Test" duration-ms="23492" started-at="2021-02-28T11:23:31Z" finished-at="2021-02-28T11:23:55Z">
      <class name="Runner.TestRunner">
        <test-method status="PASS" signature="setUpClass()[pri:0, instance:Runner.TestRunner@3ac3fd8b]" name="setUpClass" is-config="true" duration-ms="509" started-at="2021-02-28T13:23:31Z" finished-at="2021-02-28T13:23:32Z">
          <reporter-output>
          </reporter-output>
        </test-method> <!-- setUpClass -->
        <test-method status="PASS" signature="runScenario(io.cucumber.testng.PickleWrapper, io.cucumber.testng.FeatureWrapper)[pri:0, instance:Runner.TestRunner@3ac3fd8b]" name="runScenario" duration-ms="22882" started-at="2021-02-28T13:23:32Z" description="Runs Cucumber Scenarios" data-provider="scenarios" finished-at="2021-02-28T13:23:55Z">
          <params>
            <param index="0">
              <value>
                <![CDATA["User can't send same Tweet twice"]]>
              </value>
            </param>
            <param index="1">
              <value>
                <![CDATA["Optional[Publishing Tweets]"]]>
              </value>
            </param>
          </params>
          <reporter-output>
          </reporter-output>
        </test-method> <!-- runScenario -->
        <test-method status="PASS" signature="tearDownClass()[pri:0, instance:Runner.TestRunner@3ac3fd8b]" name="tearDownClass" is-config="true" duration-ms="89" started-at="2021-02-28T13:23:55Z" finished-at="2021-02-28T13:23:55Z">
          <reporter-output>
          </reporter-output>
        </test-method> <!-- tearDownClass -->
      </class> <!-- Runner.TestRunner -->
    </test> <!-- Test -->
  </suite> <!-- Suite -->
</testng-results>
